Performing C SOURCE FILE Test CMAKE_HAVE_LIBC_PTHREAD failed with the following output:
Change Dir: /mnt/d/Coding/Codam/Projecten/webserv/build/CMakeFiles/CMakeScratch/TryCompile-NULRGK

Run Build Command(s):/usr/bin/make -f Makefile cmTC_540a2/fast && /usr/bin/make  -f CMakeFiles/cmTC_540a2.dir/build.make CMakeFiles/cmTC_540a2.dir/build
make[1]: Entering directory '/mnt/d/Coding/Codam/Projecten/webserv/build/CMakeFiles/CMakeScratch/TryCompile-NULRGK'
Building C object CMakeFiles/cmTC_540a2.dir/src.c.o
/usr/bin/cc -DCMAKE_HAVE_LIBC_PTHREAD   -o CMakeFiles/cmTC_540a2.dir/src.c.o -c /mnt/d/Coding/Codam/Projecten/webserv/build/CMakeFiles/CMakeScratch/TryCompile-NULRGK/src.c
Linking C executable cmTC_540a2
/home/mnweitenb/.local/lib/python3.8/site-packages/cmake/data/bin/cmake -E cmake_link_script CMakeFiles/cmTC_540a2.dir/link.txt --verbose=1
/usr/bin/cc CMakeFiles/cmTC_540a2.dir/src.c.o -o cmTC_540a2 
/usr/bin/ld: CMakeFiles/cmTC_540a2.dir/src.c.o: in function `main':
src.c:(.text+0x46): undefined reference to `pthread_create'
/usr/bin/ld: src.c:(.text+0x52): undefined reference to `pthread_detach'
/usr/bin/ld: src.c:(.text+0x5e): undefined reference to `pthread_cancel'
/usr/bin/ld: src.c:(.text+0x6f): undefined reference to `pthread_join'
collect2: error: ld returned 1 exit status
make[1]: *** [CMakeFiles/cmTC_540a2.dir/build.make:99: cmTC_540a2] Error 1
make[1]: Leaving directory '/mnt/d/Coding/Codam/Projecten/webserv/build/CMakeFiles/CMakeScratch/TryCompile-NULRGK'
make: *** [Makefile:127: cmTC_540a2/fast] Error 2


Source file was:
#include <pthread.h>

static void* test_func(void* data)
{
  return data;
}

int main(void)
{
  pthread_t thread;
  pthread_create(&thread, NULL, test_func, NULL);
  pthread_detach(thread);
  pthread_cancel(thread);
  pthread_join(thread, NULL);
  pthread_atfork(NULL, NULL, NULL);
  pthread_exit(NULL);

  return 0;
}


Determining if the function pthread_create exists in the pthreads failed with the following output:
Change Dir: /mnt/d/Coding/Codam/Projecten/webserv/build/CMakeFiles/CMakeScratch/TryCompile-2Lag8I

Run Build Command(s):/usr/bin/make -f Makefile cmTC_b769a/fast && /usr/bin/make  -f CMakeFiles/cmTC_b769a.dir/build.make CMakeFiles/cmTC_b769a.dir/build
make[1]: Entering directory '/mnt/d/Coding/Codam/Projecten/webserv/build/CMakeFiles/CMakeScratch/TryCompile-2Lag8I'
Building C object CMakeFiles/cmTC_b769a.dir/CheckFunctionExists.c.o
/usr/bin/cc   -DCHECK_FUNCTION_EXISTS=pthread_create -o CMakeFiles/cmTC_b769a.dir/CheckFunctionExists.c.o -c /mnt/d/Coding/Codam/Projecten/webserv/build/CMakeFiles/CMakeScratch/TryCompile-2Lag8I/CheckFunctionExists.c
Linking C executable cmTC_b769a
/home/mnweitenb/.local/lib/python3.8/site-packages/cmake/data/bin/cmake -E cmake_link_script CMakeFiles/cmTC_b769a.dir/link.txt --verbose=1
/usr/bin/cc  -DCHECK_FUNCTION_EXISTS=pthread_create CMakeFiles/cmTC_b769a.dir/CheckFunctionExists.c.o -o cmTC_b769a  -lpthreads 
/usr/bin/ld: cannot find -lpthreads
collect2: error: ld returned 1 exit status
make[1]: *** [CMakeFiles/cmTC_b769a.dir/build.make:99: cmTC_b769a] Error 1
make[1]: Leaving directory '/mnt/d/Coding/Codam/Projecten/webserv/build/CMakeFiles/CMakeScratch/TryCompile-2Lag8I'
make: *** [Makefile:127: cmTC_b769a/fast] Error 2



